#
# A fatal error has been detected by the Java Runtime Environment:
#
#  Internal Error (safepoint.cpp:687), pid=7260, tid=0x0000000000000bd0
#  fatal error: Deadlock in safepoint code.  Should have called back to the VM before blocking.
#
# JRE version: Java(TM) SE Runtime Environment (8.0_111-b14) (build 1.8.0_111-b14)
# Java VM: Java HotSpot(TM) 64-Bit Server VM (25.111-b14 mixed mode windows-amd64 compressed oops)
# Failed to write core dump. Minidumps are not enabled by default on client versions of Windows
#
# If you would like to submit a bug report, please visit:
#   http://bugreport.java.com/bugreport/crash.jsp
#

---------------  T H R E A D  ---------------

Current thread (0x000000001aedd000):  JavaThread "AWT-EventQueue-0" [_thread_in_native_trans, id=3024, stack(0x000000001bb20000,0x000000001bc20000)]

Stack: [0x000000001bb20000,0x000000001bc20000]
[error occurred during error reporting (printing stack bounds), id 0xc0000005]

Native frames: (J=compiled Java code, j=interpreted, Vv=VM code, C=native code)

Java frames: (J=compiled Java code, j=interpreted, Vv=VM code)
j  org.opencv.imgcodecs.Imgcodecs.imwrite_1(Ljava/lang/String;J)Z+0
j  org.opencv.imgcodecs.Imgcodecs.imwrite(Ljava/lang/String;Lorg/opencv/core/Mat;)Z+5
j  Main.GUI.btnFaceDetectionActionPerformed(Ljava/awt/event/ActionEvent;)V+170
j  Main.GUI.access$300(LMain/GUI;Ljava/awt/event/ActionEvent;)V+2
j  Main.GUI$4.actionPerformed(Ljava/awt/event/ActionEvent;)V+5
j  javax.swing.AbstractButton.fireActionPerformed(Ljava/awt/event/ActionEvent;)V+83
j  javax.swing.AbstractButton$Handler.actionPerformed(Ljava/awt/event/ActionEvent;)V+5
j  javax.swing.DefaultButtonModel.fireActionPerformed(Ljava/awt/event/ActionEvent;)V+34
j  javax.swing.DefaultButtonModel.setPressed(Z)V+117
j  javax.swing.plaf.basic.BasicButtonListener.mouseReleased(Ljava/awt/event/MouseEvent;)V+35
j  java.awt.Component.processMouseEvent(Ljava/awt/event/MouseEvent;)V+64
j  javax.swing.JComponent.processMouseEvent(Ljava/awt/event/MouseEvent;)V+23
J 1203 C1 java.awt.Component.processEvent(Ljava/awt/AWTEvent;)V (220 bytes) @ 0x000000000357ca84 [0x000000000357c560+0x524]
J 1202 C1 java.awt.Container.processEvent(Ljava/awt/AWTEvent;)V (22 bytes) @ 0x000000000357e68c [0x000000000357e360+0x32c]
J 523 C1 java.awt.Component.dispatchEventImpl(Ljava/awt/AWTEvent;)V (883 bytes) @ 0x000000000336da3c [0x0000000003368540+0x54fc]
J 522 C1 java.awt.Container.dispatchEventImpl(Ljava/awt/AWTEvent;)V (129 bytes) @ 0x0000000003366dc4 [0x0000000003366c80+0x144]
J 904 C1 java.awt.LightweightDispatcher.retargetMouseEvent(Ljava/awt/Component;ILjava/awt/event/MouseEvent;)V (350 bytes) @ 0x00000000034a45ac [0x00000000034a2040+0x256c]
J 535 C1 java.awt.LightweightDispatcher.processMouseEvent(Ljava/awt/event/MouseEvent;)Z (286 bytes) @ 0x000000000337c92c [0x000000000337b200+0x172c]
J 558 C1 java.awt.LightweightDispatcher.dispatchEvent(Ljava/awt/AWTEvent;)Z (73 bytes) @ 0x000000000338effc [0x000000000338ebc0+0x43c]
J 522 C1 java.awt.Container.dispatchEventImpl(Ljava/awt/AWTEvent;)V (129 bytes) @ 0x0000000003366d64 [0x0000000003366c80+0xe4]
J 564 C1 java.awt.Window.dispatchEventImpl(Ljava/awt/AWTEvent;)V (23 bytes) @ 0x0000000003398864 [0x0000000003398280+0x5e4]
J 490 C1 java.awt.EventQueue.dispatchEventImpl(Ljava/awt/AWTEvent;Ljava/lang/Object;)V (149 bytes) @ 0x0000000003350b3c [0x000000000334f300+0x183c]
J 488 C1 java.awt.EventQueue$3.run()Ljava/lang/Void; (60 bytes) @ 0x0000000003348c4c [0x0000000003348a40+0x20c]
J 487 C1 java.awt.EventQueue$3.run()Ljava/lang/Object; (5 bytes) @ 0x0000000003349d0c [0x0000000003349c80+0x8c]
v  ~StubRoutines::call_stub
J 426  java.security.AccessController.doPrivileged(Ljava/security/PrivilegedAction;Ljava/security/AccessControlContext;)Ljava/lang/Object; (0 bytes) @ 0x0000000003327d26 [0x0000000003327cc0+0x66]
J 525 C1 java.awt.EventQueue$4.run()Ljava/lang/Object; (5 bytes) @ 0x000000000337546c [0x0000000003375040+0x42c]
v  ~StubRoutines::call_stub
J 426  java.security.AccessController.doPrivileged(Ljava/security/PrivilegedAction;Ljava/security/AccessControlContext;)Ljava/lang/Object; (0 bytes) @ 0x0000000003327d26 [0x0000000003327cc0+0x66]
J 451 C1 java.awt.EventQueue.dispatchEvent(Ljava/awt/AWTEvent;)V (80 bytes) @ 0x00000000033373bc [0x0000000003336540+0xe7c]
J 453 C1 java.awt.EventDispatchThread.pumpOneEventForFilters(I)V (295 bytes) @ 0x000000000333a564 [0x0000000003338a00+0x1b64]
j  java.awt.EventDispatchThread.pumpEventsForFilter(ILjava/awt/Conditional;Ljava/awt/EventFilter;)V+35
j  java.awt.EventDispatchThread.pumpEventsForHierarchy(ILjava/awt/Conditional;Ljava/awt/Component;)V+11
j  java.awt.EventDispatchThread.pumpEvents(ILjava/awt/Conditional;)V+4
j  java.awt.EventDispatchThread.pumpEvents(Ljava/awt/Conditional;)V+3
j  java.awt.EventDispatchThread.run()V+9
v  ~StubRoutines::call_stub

---------------  P R O C E S S  ---------------

Java Threads: ( => current thread )
  0x000000001aee1800 JavaThread "TimerQueue" daemon [_thread_blocked, id=2780, stack(0x000000001e030000,0x000000001e130000)]
  0x000000001aee0800 JavaThread "Swing-Shell" daemon [_thread_blocked, id=14860, stack(0x000000001d650000,0x000000001d750000)]
  0x000000001aede800 JavaThread "Image Fetcher 0" daemon [_thread_blocked, id=8, stack(0x000000001d350000,0x000000001d450000)]
  0x000000001aedd800 JavaThread "DestroyJavaVM" [_thread_blocked, id=11500, stack(0x0000000002f40000,0x0000000003040000)]
=>0x000000001aedd000 JavaThread "AWT-EventQueue-0" [_thread_in_native_trans, id=3024, stack(0x000000001bb20000,0x000000001bc20000)]
  0x000000001aedb800 JavaThread "AWT-Windows" daemon [_thread_blocked, id=14032, stack(0x000000001b850000,0x000000001b950000)]
  0x000000001aedc000 JavaThread "AWT-Shutdown" [_thread_blocked, id=10816, stack(0x000000001b750000,0x000000001b850000)]
  0x000000001aee0000 JavaThread "Java2D Disposer" daemon [_thread_blocked, id=7780, stack(0x000000001b650000,0x000000001b750000)]
  0x0000000019fca800 JavaThread "Service Thread" daemon [_thread_blocked, id=13932, stack(0x000000001ab10000,0x000000001ac10000)]
  0x0000000019f44000 JavaThread "C1 CompilerThread3" daemon [_thread_blocked, id=944, stack(0x000000001aa10000,0x000000001ab10000)]
  0x0000000019f40000 JavaThread "C2 CompilerThread2" daemon [_thread_blocked, id=5328, stack(0x000000001a910000,0x000000001aa10000)]
  0x0000000019f3b800 JavaThread "C2 CompilerThread1" daemon [_thread_blocked, id=7880, stack(0x000000001a810000,0x000000001a910000)]
  0x0000000019f38800 JavaThread "C2 CompilerThread0" daemon [_thread_blocked, id=14524, stack(0x000000001a710000,0x000000001a810000)]
  0x0000000019f37000 JavaThread "Attach Listener" daemon [_thread_blocked, id=8824, stack(0x000000001a610000,0x000000001a710000)]
  0x0000000019f36000 JavaThread "Signal Dispatcher" daemon [_thread_blocked, id=13440, stack(0x000000001a510000,0x000000001a610000)]
  0x0000000019f31800 JavaThread "Finalizer" daemon [_thread_blocked, id=7236, stack(0x000000001a310000,0x000000001a410000)]
  0x0000000003136000 JavaThread "Reference Handler" daemon [_thread_blocked, id=14144, stack(0x0000000019e10000,0x0000000019f10000)]

Other Threads:
  0x0000000018039000 VMThread [stack: 0x0000000019d10000,0x0000000019e10000] [id=9564]
  0x0000000019ff4800 WatcherThread [stack: 0x000000001ac10000,0x000000001ad10000] [id=11800]

VM state:synchronizing (normal execution)

VM Mutex/Monitor currently owned by a thread:  ([mutex/lock_event])
[0x0000000002e3cda0] Threads_lock - owner thread: 0x0000000018039000

Heap:
 PSYoungGen      total 37888K, used 21795K [0x00000000d6200000, 0x00000000d8c00000, 0x0000000100000000)
  eden space 32768K, 66% used [0x00000000d6200000,0x00000000d7748d98,0x00000000d8200000)
  from space 5120K, 0% used [0x00000000d8700000,0x00000000d8700000,0x00000000d8c00000)
  to   space 5120K, 0% used [0x00000000d8200000,0x00000000d8200000,0x00000000d8700000)
 ParOldGen       total 86016K, used 0K [0x0000000082600000, 0x0000000087a00000, 0x00000000d6200000)
  object space 86016K, 0% used [0x0000000082600000,0x0000000082600000,0x0000000087a00000)
 Metaspace       used 13984K, capacity 14156K, committed 14464K, reserved 1062912K
  class space    used 1765K, capacity 1836K, committed 1920K, reserved 1048576K

Card table byte_map: [0x0000000012500000,0x00000000128f0000] byte_map_base: 0x00000000120ed000

Marking Bits: (ParMarkBitMap*) 0x000000006f94a6c0
 Begin Bits: [0x0000000013390000, 0x00000000152f8000)
 End Bits:   [0x00000000152f8000, 0x0000000017260000)

Polling page: 0x00000000015f0000

CodeCache: size=245760Kb used=5026Kb max_used=5026Kb free=240733Kb
 bounds [0x0000000003140000, 0x0000000003630000, 0x0000000012140000]
 total_blobs=2158 nmethods=1377 adapters=692
 compilation: enabled

Compilation events (10 events):
Event: 7.872 Thread 0x0000000019f44000 1373  s    3       java.io.BufferedInputStream::read (113 bytes)
Event: 7.872 Thread 0x0000000019f44000 nmethod 1373 0x000000000360e950 code [0x000000000360eb20, 0x000000000360f458]
Event: 7.874 Thread 0x0000000019f40000 1374       4       java.util.HashMap::put (13 bytes)
Event: 7.874 Thread 0x0000000019f44000 1376       3       sun.misc.MetaIndex::mayContain (51 bytes)
Event: 7.874 Thread 0x0000000019f44000 nmethod 1376 0x000000000360de90 code [0x000000000360e040, 0x000000000360e6b8]
Event: 7.874 Thread 0x0000000019f44000 1375       3       java.util.StringTokenizer::hasMoreTokens (29 bytes)
Event: 7.874 Thread 0x0000000019f44000 nmethod 1375 0x000000000360da90 code [0x000000000360dc00, 0x000000000360de08]
Event: 7.874 Thread 0x0000000019f40000 nmethod 1374 0x000000000360d750 code [0x000000000360d8a0, 0x000000000360d9a8]
Event: 7.880 Thread 0x0000000019f44000 1377       3       java.util.zip.ZStreamRef::address (5 bytes)
Event: 7.880 Thread 0x0000000019f44000 nmethod 1377 0x0000000003613d90 code [0x0000000003613ee0, 0x0000000003614030]

GC Heap History (0 events):
No events

Deoptimization events (10 events):
Event: 1.764 Thread 0x000000001aedd000 Uncommon trap: reason=class_check action=maybe_recompile pc=0x00000000032c04e8 method=java.lang.String.equals(Ljava/lang/Object;)Z @ 8
Event: 1.767 Thread 0x000000001aedd000 Uncommon trap: reason=class_check action=maybe_recompile pc=0x00000000032c04e8 method=java.lang.String.equals(Ljava/lang/Object;)Z @ 8
Event: 1.767 Thread 0x000000001aedd000 Uncommon trap: reason=class_check action=maybe_recompile pc=0x00000000032c04e8 method=java.lang.String.equals(Ljava/lang/Object;)Z @ 8
Event: 1.767 Thread 0x000000001aedd000 Uncommon trap: reason=class_check action=maybe_recompile pc=0x00000000032c04e8 method=java.lang.String.equals(Ljava/lang/Object;)Z @ 8
Event: 1.798 Thread 0x000000001aedd000 Uncommon trap: reason=unstable_if action=reinterpret pc=0x0000000003433988 method=java.util.concurrent.locks.ReentrantLock$NonfairSync.lock()V @ 6
Event: 1.798 Thread 0x000000001aedd000 Uncommon trap: reason=unstable_if action=reinterpret pc=0x000000000341c740 method=java.util.concurrent.locks.ReentrantLock$Sync.tryRelease(I)Z @ 28
Event: 4.231 Thread 0x000000001aedd000 Uncommon trap: reason=unstable_if action=reinterpret pc=0x0000000003568568 method=sun.font.FileFontStrike.getCachedGlyphPtrInternal(I)J @ 99
Event: 4.818 Thread 0x000000001aedd000 Uncommon trap: reason=unstable_if action=reinterpret pc=0x00000000035aac10 method=java.awt.EventQueue.getPriority(Ljava/awt/AWTEvent;)I @ 4
Event: 4.818 Thread 0x000000001aedd000 Uncommon trap: reason=unstable_if action=reinterpret pc=0x000000000359e81c method=java.awt.EventQueue.eventToCacheIndex(Ljava/awt/AWTEvent;)I @ 71
Event: 4.921 Thread 0x000000001aedd000 Uncommon trap: reason=unstable_if action=reinterpret pc=0x00000000035a0004 method=java.awt.Component.getInputContext()Ljava/awt/im/InputContext; @ 6

Internal exceptions (10 events):
Event: 0.078 Thread 0x0000000002e3d800 Exception <a 'java/security/PrivilegedActionException'> (0x00000000d628fbd0) thrown at [C:\re\workspace\8-2-build-windows-amd64-cygwin\jdk8u111\7883\hotspot\src\share\vm\prims\jvm.cpp, line 1386]
Event: 0.078 Thread 0x0000000002e3d800 Exception <a 'java/security/PrivilegedActionException'> (0x00000000d628fde0) thrown at [C:\re\workspace\8-2-build-windows-amd64-cygwin\jdk8u111\7883\hotspot\src\share\vm\prims\jvm.cpp, line 1386]
Event: 0.079 Thread 0x0000000002e3d800 Exception <a 'java/security/PrivilegedActionException'> (0x00000000d6293cc8) thrown at [C:\re\workspace\8-2-build-windows-amd64-cygwin\jdk8u111\7883\hotspot\src\share\vm\prims\jvm.cpp, line 1386]
Event: 0.079 Thread 0x0000000002e3d800 Exception <a 'java/security/PrivilegedActionException'> (0x00000000d6293ed8) thrown at [C:\re\workspace\8-2-build-windows-amd64-cygwin\jdk8u111\7883\hotspot\src\share\vm\prims\jvm.cpp, line 1386]
Event: 0.083 Thread 0x0000000002e3d800 Exception <a 'java/io/FileNotFoundException'> (0x00000000d6299560) thrown at [C:\re\workspace\8-2-build-windows-amd64-cygwin\jdk8u111\7883\hotspot\src\share\vm\prims\jni.cpp, line 709]
Event: 0.104 Thread 0x0000000002e3d800 Exception <a 'java/lang/NoSuchFieldError': method resolution failed> (0x00000000d640b720) thrown at [C:\re\workspace\8-2-build-windows-amd64-cygwin\jdk8u111\7883\hotspot\src\share\vm\prims\methodHandles.cpp, line 1146]
Event: 0.105 Thread 0x0000000002e3d800 Exception <a 'java/lang/NoSuchFieldError': method resolution failed> (0x00000000d6418af0) thrown at [C:\re\workspace\8-2-build-windows-amd64-cygwin\jdk8u111\7883\hotspot\src\share\vm\prims\methodHandles.cpp, line 1146]
Event: 0.144 Thread 0x000000001aedd000 Exception <a 'java/io/FileNotFoundException'> (0x00000000d6688368) thrown at [C:\re\workspace\8-2-build-windows-amd64-cygwin\jdk8u111\7883\hotspot\src\share\vm\prims\jni.cpp, line 709]
Event: 0.155 Thread 0x000000001aedd000 Implicit null exception at 0x00000000032a685b to 0x00000000032a6a0d
Event: 4.231 Thread 0x000000001aedd000 Implicit null exception at 0x0000000003568415 to 0x0000000003568551

Events (10 events):
Event: 7.877 loading class org/opencv/imgproc/Imgproc
Event: 7.877 loading class org/opencv/imgproc/Imgproc done
Event: 7.879 loading class org/opencv/core/MatOfPoint2f
Event: 7.879 loading class org/opencv/core/MatOfPoint2f done
Event: 7.880 loading class org/opencv/core/MatOfPoint
Event: 7.880 loading class org/opencv/core/MatOfPoint done
Event: 7.880 loading class org/opencv/core/MatOfInt4
Event: 7.880 loading class org/opencv/core/MatOfInt4 done
Event: 7.880 loading class org/opencv/core/MatOfFloat
Event: 7.880 loading class org/opencv/core/MatOfFloat done


Dynamic libraries:
0x00007ff68c980000 - 0x00007ff68c9b7000 	C:\Program Files\Java\jdk1.8.0_111\bin\java.exe
0x00007ffc6ca30000 - 0x00007ffc6cc25000 	C:\WINDOWS\SYSTEM32\ntdll.dll
0x00007ffc6b750000 - 0x00007ffc6b80e000 	C:\WINDOWS\System32\KERNEL32.DLL
0x00007ffc6a3b0000 - 0x00007ffc6a678000 	C:\WINDOWS\System32\KERNELBASE.dll
0x00007ffc6aa80000 - 0x00007ffc6ab2e000 	C:\WINDOWS\System32\ADVAPI32.dll
0x00007ffc6c3f0000 - 0x00007ffc6c48e000 	C:\WINDOWS\System32\msvcrt.dll
0x00007ffc6b600000 - 0x00007ffc6b69c000 	C:\WINDOWS\System32\sechost.dll
0x00007ffc6c5b0000 - 0x00007ffc6c6d5000 	C:\WINDOWS\System32\RPCRT4.dll
0x00007ffc6c6e0000 - 0x00007ffc6c880000 	C:\WINDOWS\System32\USER32.dll
0x00007ffc6aa50000 - 0x00007ffc6aa72000 	C:\WINDOWS\System32\win32u.dll
0x00007ffc6c3a0000 - 0x00007ffc6c3cb000 	C:\WINDOWS\System32\GDI32.dll
0x00007ffc6a850000 - 0x00007ffc6a95d000 	C:\WINDOWS\System32\gdi32full.dll
0x00007ffc6a9b0000 - 0x00007ffc6aa4d000 	C:\WINDOWS\System32\msvcp_win.dll
0x00007ffc6a1f0000 - 0x00007ffc6a2f0000 	C:\WINDOWS\System32\ucrtbase.dll
0x00007ffc58040000 - 0x00007ffc582da000 	C:\WINDOWS\WinSxS\amd64_microsoft.windows.common-controls_6595b64144ccf1df_6.0.19041.1110_none_60b5254171f9507e\COMCTL32.dll
0x00007ffc6b3c0000 - 0x00007ffc6b3f0000 	C:\WINDOWS\System32\IMM32.DLL
0x000000006f050000 - 0x000000006f122000 	C:\Program Files\Java\jdk1.8.0_111\jre\bin\msvcr100.dll
0x000000006f130000 - 0x000000006f9ca000 	C:\Program Files\Java\jdk1.8.0_111\jre\bin\server\jvm.dll
0x00007ffc6bfd0000 - 0x00007ffc6bfd8000 	C:\WINDOWS\System32\PSAPI.DLL
0x00007ffc65cc0000 - 0x00007ffc65cc9000 	C:\WINDOWS\SYSTEM32\WSOCK32.dll
0x00007ffc58490000 - 0x00007ffc584b7000 	C:\WINDOWS\SYSTEM32\WINMM.dll
0x00007ffc63140000 - 0x00007ffc6314a000 	C:\WINDOWS\SYSTEM32\VERSION.dll
0x00007ffc6bf60000 - 0x00007ffc6bfcb000 	C:\WINDOWS\System32\WS2_32.dll
0x000000006f000000 - 0x000000006f00f000 	C:\Program Files\Java\jdk1.8.0_111\jre\bin\verify.dll
0x000000006efd0000 - 0x000000006eff9000 	C:\Program Files\Java\jdk1.8.0_111\jre\bin\java.dll
0x000000006efb0000 - 0x000000006efc6000 	C:\Program Files\Java\jdk1.8.0_111\jre\bin\zip.dll
0x00007ffc6b810000 - 0x00007ffc6bf54000 	C:\WINDOWS\System32\SHELL32.dll
0x00007ffc68230000 - 0x00007ffc689c4000 	C:\WINDOWS\SYSTEM32\windows.storage.dll
0x00007ffc6bfe0000 - 0x00007ffc6c335000 	C:\WINDOWS\System32\combase.dll
0x00007ffc69b90000 - 0x00007ffc69bbe000 	C:\WINDOWS\SYSTEM32\Wldp.dll
0x00007ffc6b6a0000 - 0x00007ffc6b74d000 	C:\WINDOWS\System32\SHCORE.dll
0x00007ffc6b230000 - 0x00007ffc6b285000 	C:\WINDOWS\System32\shlwapi.dll
0x00007ffc6a080000 - 0x00007ffc6a09f000 	C:\WINDOWS\SYSTEM32\profapi.dll
0x000000006edd0000 - 0x000000006ef68000 	C:\Program Files\Java\jdk1.8.0_111\jre\bin\awt.dll
0x00007ffc6b3f0000 - 0x00007ffc6b4bd000 	C:\WINDOWS\System32\OLEAUT32.dll
0x00007ffc67a50000 - 0x00007ffc67ae0000 	C:\WINDOWS\SYSTEM32\apphelp.dll
0x00007ffc67b50000 - 0x00007ffc67bee000 	C:\WINDOWS\system32\uxtheme.dll
0x00007ffc6c490000 - 0x00007ffc6c5a6000 	C:\WINDOWS\System32\MSCTF.dll
0x00007ffc6b290000 - 0x00007ffc6b3ba000 	C:\WINDOWS\System32\ole32.dll
0x00007ffc68030000 - 0x00007ffc68042000 	C:\WINDOWS\SYSTEM32\kernel.appcore.dll
0x00007ffc6a2f0000 - 0x00007ffc6a372000 	C:\WINDOWS\System32\bcryptPrimitives.dll
0x00007ffc67e50000 - 0x00007ffc67e7f000 	C:\WINDOWS\system32\DWMAPI.DLL
0x000000006ed80000 - 0x000000006edc7000 	C:\Program Files\Java\jdk1.8.0_111\jre\bin\fontmanager.dll
0x000000006ef90000 - 0x000000006efaa000 	C:\Program Files\Java\jdk1.8.0_111\jre\bin\net.dll
0x00007ffc69880000 - 0x00007ffc698ea000 	C:\WINDOWS\system32\mswsock.dll
0x000000006ef70000 - 0x000000006ef81000 	C:\Program Files\Java\jdk1.8.0_111\jre\bin\nio.dll
0x000000006ed30000 - 0x000000006ed72000 	C:\Program Files\Java\jdk1.8.0_111\jre\bin\t2k.dll
0x00007ffc50500000 - 0x00007ffc505f9000 	C:\WINDOWS\SYSTEM32\textinputframework.dll
0x00007ffc67460000 - 0x00007ffc677be000 	C:\WINDOWS\System32\CoreUIComponents.dll
0x00007ffc677c0000 - 0x00007ffc678b2000 	C:\WINDOWS\System32\CoreMessaging.dll
0x00007ffc68e30000 - 0x00007ffc68e63000 	C:\WINDOWS\SYSTEM32\ntmarta.dll
0x00007ffc66d40000 - 0x00007ffc66e94000 	C:\WINDOWS\SYSTEM32\wintypes.dll
0x00007ffc07920000 - 0x00007ffc0aaab000 	D:\TA\opencv\build\java\x64\opencv_java454.dll
0x00007ffc43b30000 - 0x00007ffc43bb4000 	C:\WINDOWS\SYSTEM32\MF.dll
0x00007ffc47da0000 - 0x00007ffc47f5c000 	C:\WINDOWS\SYSTEM32\MFPlat.DLL
0x00007ffc1f890000 - 0x00007ffc1f99a000 	C:\WINDOWS\SYSTEM32\MFReadWrite.dll
0x00007ffc6a960000 - 0x00007ffc6a9ae000 	C:\WINDOWS\System32\cfgmgr32.dll
0x00007ffc1f3f0000 - 0x00007ffc1f881000 	C:\WINDOWS\SYSTEM32\MFCORE.DLL
0x00007ffc6a6f0000 - 0x00007ffc6a846000 	C:\WINDOWS\System32\CRYPT32.dll
0x00007ffc6a380000 - 0x00007ffc6a3a7000 	C:\WINDOWS\System32\bcrypt.dll
0x00007ffc69b40000 - 0x00007ffc69b8b000 	C:\WINDOWS\SYSTEM32\powrprof.dll
0x00007ffc65ca0000 - 0x00007ffc65ca9000 	C:\WINDOWS\SYSTEM32\ksuser.dll
0x00007ffc69a70000 - 0x00007ffc69a7c000 	C:\WINDOWS\SYSTEM32\CRYPTBASE.DLL
0x00007ffc58330000 - 0x00007ffc58366000 	C:\WINDOWS\SYSTEM32\RTWorkQ.DLL
0x00007ffc69b20000 - 0x00007ffc69b32000 	C:\WINDOWS\SYSTEM32\UMPDC.dll
0x00007ffc64de0000 - 0x00007ffc64e90000 	C:\WINDOWS\WinSxS\amd64_microsoft.windows.common-controls_6595b64144ccf1df_5.82.19041.1110_none_792d1c772443f647\comctl32.dll
0x00007ffc6ab30000 - 0x00007ffc6abd9000 	C:\WINDOWS\System32\clbcatq.dll
0x00007ffc65850000 - 0x00007ffc65946000 	C:\WINDOWS\SYSTEM32\PROPSYS.dll
0x00007ffc64280000 - 0x00007ffc64297000 	C:\WINDOWS\system32\NetworkExplorer.dll
0x00007ffc49ea0000 - 0x00007ffc49ebd000 	C:\WINDOWS\SYSTEM32\MPR.dll
0x00007ffc626a0000 - 0x00007ffc626ab000 	C:\WINDOWS\System32\drprov.dll
0x00007ffc69820000 - 0x00007ffc6987a000 	C:\WINDOWS\System32\WINSTA.dll
0x00007ffc5ebf0000 - 0x00007ffc5ec11000 	C:\WINDOWS\System32\ntlanman.dll
0x00007ffc62630000 - 0x00007ffc6264e000 	C:\WINDOWS\System32\davclnt.dll
0x00007ffc64270000 - 0x00007ffc6427d000 	C:\WINDOWS\System32\DAVHLPR.dll
0x00007ffc4b640000 - 0x00007ffc4b6af000 	C:\WINDOWS\System32\dokannp1.dll
0x00007ffc47570000 - 0x00007ffc475f1000 	C:\WINDOWS\SYSTEM32\dokan1.dll
0x00007ffc692c0000 - 0x00007ffc692d9000 	C:\WINDOWS\System32\wkscli.dll
0x00007ffc3f230000 - 0x00007ffc3f242000 	C:\WINDOWS\SYSTEM32\cscapi.dll
0x00007ffc69670000 - 0x00007ffc6967c000 	C:\WINDOWS\System32\netutils.dll
0x00007ffc4a450000 - 0x00007ffc4a4a6000 	C:\Windows\System32\dlnashext.dll
0x00007ffc27110000 - 0x00007ffc27174000 	C:\Windows\System32\PlayToDevice.dll
0x00007ffc63580000 - 0x00007ffc635a0000 	C:\Windows\System32\DevDispItemProvider.dll
0x00007ffc63a10000 - 0x00007ffc63a95000 	C:\WINDOWS\System32\MMDevApi.dll
0x00007ffc69ee0000 - 0x00007ffc69f14000 	C:\WINDOWS\System32\DEVOBJ.dll
0x00007ffc47600000 - 0x00007ffc476a1000 	C:\WINDOWS\system32\wpdshext.dll
0x00007ffc62f40000 - 0x00007ffc630e9000 	C:\WINDOWS\WinSxS\amd64_microsoft.windows.gdiplus_6595b64144ccf1df_1.1.19041.1466_none_91a4907ccc87e3b8\gdiplus.dll
0x00007ffc566d0000 - 0x00007ffc56773000 	C:\Windows\System32\PortableDeviceApi.dll
0x00007ffc6ac00000 - 0x00007ffc6b072000 	C:\WINDOWS\System32\SETUPAPI.dll
0x00007ffc6a680000 - 0x00007ffc6a6e9000 	C:\WINDOWS\System32\WINTRUST.dll
0x00007ffc69d20000 - 0x00007ffc69d32000 	C:\WINDOWS\System32\MSASN1.dll
0x00007ffc47500000 - 0x00007ffc47537000 	C:\Windows\System32\EhStorShell.dll
0x00007ffc5dc80000 - 0x00007ffc5dca6000 	C:\Windows\System32\EhStorAPI.dll
0x00007ffc65e30000 - 0x00007ffc65e44000 	C:\Windows\System32\WTSAPI32.dll
0x00007ffc64120000 - 0x00007ffc6412d000 	C:\WINDOWS\SYSTEM32\LINKINFO.dll
0x00007ffc61220000 - 0x00007ffc613d4000 	C:\WINDOWS\SYSTEM32\WindowsCodecs.dll
0x00007ffc5e190000 - 0x00007ffc5e1ce000 	C:\WINDOWS\system32\dataexchange.dll
0x00007ffc669b0000 - 0x00007ffc66c14000 	C:\WINDOWS\system32\d3d11.dll
0x00007ffc66ea0000 - 0x00007ffc67085000 	C:\WINDOWS\system32\dcomp.dll
0x00007ffc68a30000 - 0x00007ffc68b24000 	C:\WINDOWS\system32\dxgi.dll
0x00007ffc618a0000 - 0x00007ffc61aa1000 	C:\WINDOWS\system32\twinapi.appcore.dll
0x000000006ec70000 - 0x000000006eca1000 	C:\Program Files\Java\jdk1.8.0_111\jre\bin\jpeg.dll
0x00007ffc236f0000 - 0x00007ffc2376d000 	C:\WINDOWS\SYSTEM32\OpenCL.dll
0x00007ffc635c0000 - 0x00007ffc636b9000 	C:\Windows\System32\AppXDeploymentClient.dll
0x00007ffc00670000 - 0x00007ffc01a26000 	C:\WINDOWS\System32\DriverStore\FileRepository\nvacegpu.inf_amd64_f8f5bc8650263f5c\nvopencl64.dll
0x00007ffc4bcc0000 - 0x00007ffc4c1ae000 	C:\WINDOWS\SYSTEM32\nvapi64.dll
0x00007ffc1e8f0000 - 0x00007ffc1ee1f000 	C:\WINDOWS\System32\DriverStore\FileRepository\iigd_dch.inf_amd64_a086f01cc7be643a\igdrcl64.dll
0x00007ffc5b620000 - 0x00007ffc5b85f000 	C:\WINDOWS\System32\DriverStore\FileRepository\iigd_dch.inf_amd64_a086f01cc7be643a\igdgmm64.dll
0x00007ffc5e4c0000 - 0x00007ffc5e4fb000 	C:\WINDOWS\SYSTEM32\dxcore.dll
0x00007ffc1e7f0000 - 0x00007ffc1e8e1000 	C:\WINDOWS\System32\DriverStore\FileRepository\iigd_dch.inf_amd64_a086f01cc7be643a\igdfcl64.dll
0x00007ffc589b0000 - 0x00007ffc5b612000 	C:\WINDOWS\System32\DriverStore\FileRepository\iigd_dch.inf_amd64_a086f01cc7be643a\igc64.dll

VM Arguments:
jvm_args: -Dfile.encoding=UTF-8 -Djava.library.path=D:\TA\opencv\build\java\x64 
java_command: Main.GUI
java_class_path (initial): D:\TA\opencv\build\java\opencv-454.jar;C:\Users\ANT-ACER\OneDrive\Documents\NetBeansProjects\PeningkatanKualitasCitra\build\classes
Launcher Type: SUN_STANDARD

Environment Variables:
JAVA_HOME=C:\Program Files\Java\jdk1.8.0_111
PATH=C:\Program Files\Common Files\Oracle\Java\javapath;C:\Program Files (x86)\Common Files\Oracle\Java\javapath;C:\WINDOWS\system32;C:\WINDOWS;C:\WINDOWS\System32\Wbem;C:\WINDOWS\System32\WindowsPowerShell\v1.0\;C:\WINDOWS\System32\OpenSSH\;C:\Program Files\dotnet\;C:\Program Files\Git\cmd;C:\Program Files\nodejs\;C:\Users\ANT-ACER\AppData\Local\Microsoft\WindowsApps;;C:\Program Files\JetBrains\PyCharm Community Edition 2020.3.1\bin;;C:\Users\ANT-ACER\.dotnet\tools;C:\Users\ANT-ACER\AppData\Local\Programs\Microsoft VS Code\bin;C:\Users\ANT-ACER\AppData\Roaming\npm
USERNAME=ANT-ACER
OS=Windows_NT
PROCESSOR_IDENTIFIER=Intel64 Family 6 Model 158 Stepping 10, GenuineIntel



---------------  S Y S T E M  ---------------

OS: Windows 10.0 , 64 bit Build 19041 (10.0.19041.1503)

CPU:total 8 (4 cores per cpu, 2 threads per core) family 6 model 158 stepping 10, cmov, cx8, fxsr, mmx, sse, sse2, sse3, ssse3, sse4.1, sse4.2, popcnt, avx, avx2, aes, clmul, erms, 3dnowpref, lzcnt, ht, tsc, tscinvbit, bmi1, bmi2, adx

Memory: 4k page, physical 8227124k(1722060k free), swap 16615732k(4264316k free)

vm_info: Java HotSpot(TM) 64-Bit Server VM (25.111-b14) for windows-amd64 JRE (1.8.0_111-b14), built on Sep 22 2016 19:24:05 by "java_re" with MS VC++ 10.0 (VS2010)

time: Sat Mar 05 22:58:55 2022
elapsed time: 8 seconds (0d 0h 0m 8s)

